Initializing document watcher...
Detected change in configuration: {}
bai2-angular/src/app/pipe/filter.pipe.ts: {"insertSpaces":true,"tabSize":2}
bai2-angular/src/app/pipe/filter.pipe.spec.ts: {"insertSpaces":true,"tabSize":2}
bai2-angular/src/app/pipe/filter.pipe.ts: {"insertSpaces":true,"tabSize":2}
bai2-angular/src/app/pipe/filter.pipe.ts: Using EditorConfig core...
src/app/pipe/filter.pipe.ts: editor.action.trimTrailingWhitespace
bai2-angular/src/app/pipe/filter.pipe.ts: Using EditorConfig core...
src/app/pipe/filter.pipe.ts: editor.action.trimTrailingWhitespace
bai2-angular/src/app/pipe/filter.pipe.ts: Using EditorConfig core...
src/app/pipe/filter.pipe.ts: editor.action.trimTrailingWhitespace
bai2-angular/src/app/pipe/filter.pipe.ts: Using EditorConfig core...
src/app/pipe/filter.pipe.ts: editor.action.trimTrailingWhitespace
bai2-angular/src/app/pipe/filter.pipe.ts: Using EditorConfig core...
src/app/pipe/filter.pipe.ts: editor.action.trimTrailingWhitespace
bai2-angular/src/app/pipe/filter.pipe.ts: {"insertSpaces":true,"tabSize":2}
bai2-angular/src/app/pipe/filter.pipe.ts: Using EditorConfig core...
src/app/pipe/filter.pipe.ts: editor.action.trimTrailingWhitespace
bai2-angular/src/app/pipe/filter.pipe.ts: Using EditorConfig core...
src/app/pipe/filter.pipe.ts: editor.action.trimTrailingWhitespace
bai2-angular/src/app/pipe/filter.pipe.ts: Using EditorConfig core...
src/app/pipe/filter.pipe.ts: editor.action.trimTrailingWhitespace
bai2-angular/src/app/pipe/filter.pipe.ts: Using EditorConfig core...
src/app/pipe/filter.pipe.ts: editor.action.trimTrailingWhitespace
bai2-angular/src/app/pipe/filter.pipe.ts: Using EditorConfig core...
src/app/pipe/filter.pipe.ts: editor.action.trimTrailingWhitespace
bai2-angular/src/app/pipe/filter.pipe.ts: Using EditorConfig core...
src/app/pipe/filter.pipe.ts: editor.action.trimTrailingWhitespace
bai2-angular/src/app/pipe/filter.pipe.ts: {"insertSpaces":true,"tabSize":2}
bai2-angular/src/app/pipe/filter.pipe.ts: Using EditorConfig core...
src/app/pipe/filter.pipe.ts: editor.action.trimTrailingWhitespace
bai2-angular/src/app/pipe/filter.pipe.ts: Using EditorConfig core...
src/app/pipe/filter.pipe.ts: editor.action.trimTrailingWhitespace
bai2-angular/src/app/pipe/filter.pipe.ts: Using EditorConfig core...
src/app/pipe/filter.pipe.ts: editor.action.trimTrailingWhitespace
bai2-angular/src/app/pipe/filter.pipe.ts: Using EditorConfig core...
src/app/pipe/filter.pipe.ts: editor.action.trimTrailingWhitespace
bai2-angular/src/app/pipe/filter.pipe.ts: Using EditorConfig core...
src/app/pipe/filter.pipe.ts: editor.action.trimTrailingWhitespace
bai2-angular/src/app/pipe/filter.pipe.ts: {"insertSpaces":true,"tabSize":2}
bai2-angular/src/app/pipe/filter.pipe.ts: Using EditorConfig core...
src/app/pipe/filter.pipe.ts: editor.action.trimTrailingWhitespace
bai2-angular/src/app/pipe/filter.pipe.ts: Using EditorConfig core...
src/app/pipe/filter.pipe.ts: editor.action.trimTrailingWhitespace
bai2-angular/src/app/pipe/filter.pipe.ts: Using EditorConfig core...
src/app/pipe/filter.pipe.ts: editor.action.trimTrailingWhitespace
bai2-angular/src/app/pipe/filter.pipe.ts: Using EditorConfig core...
src/app/pipe/filter.pipe.ts: editor.action.trimTrailingWhitespace
bai2-angular/src/app/pipe/filter.pipe.ts: Using EditorConfig core...
src/app/pipe/filter.pipe.ts: editor.action.trimTrailingWhitespace
bai2-angular/src/app/pipe/filter.pipe.ts: Using EditorConfig core...
src/app/pipe/filter.pipe.ts: editor.action.trimTrailingWhitespace
bai2-angular/src/app/pipe/filter.pipe.ts: Using EditorConfig core...
src/app/pipe/filter.pipe.ts: editor.action.trimTrailingWhitespace
bai2-angular/src/app/pipe/filter.pipe.ts: Using EditorConfig core...
src/app/pipe/filter.pipe.ts: editor.action.trimTrailingWhitespace
bai2-angular/src/app/pipe/filter.pipe.ts: Using EditorConfig core...
src/app/pipe/filter.pipe.ts: editor.action.trimTrailingWhitespace
bai2-angular/src/app/pipe/filter.pipe.ts: {"insertSpaces":true,"tabSize":2}
bai2-angular/src/app/pipe/filter.pipe.ts: Using EditorConfig core...
src/app/pipe/filter.pipe.ts: editor.action.trimTrailingWhitespace
bai2-angular/src/app/pipe/filter.pipe.ts: Using EditorConfig core...
src/app/pipe/filter.pipe.ts: editor.action.trimTrailingWhitespace
bai2-angular/src/app/pipe/filter.pipe.ts: Using EditorConfig core...
src/app/pipe/filter.pipe.ts: editor.action.trimTrailingWhitespace
bai2-angular/src/app/pipe/filter.pipe.ts: Using EditorConfig core...
src/app/pipe/filter.pipe.ts: editor.action.trimTrailingWhitespace
bai2-angular/src/app/pipe/filter.pipe.ts: Using EditorConfig core...
src/app/pipe/filter.pipe.ts: editor.action.trimTrailingWhitespace
bai2-angular/src/app/pipe/filter.pipe.ts: Using EditorConfig core...
src/app/pipe/filter.pipe.ts: editor.action.trimTrailingWhitespace
bai2-angular/src/app/pipe/filter.pipe.ts: {"insertSpaces":true,"tabSize":2}
bai2-angular/src/app/pipe/filter.pipe.ts: {"insertSpaces":true,"tabSize":2}
bai2-angular/src/app/pipe/filter.pipe.ts: {"insertSpaces":true,"tabSize":2}
bai2-angular/src/app/components/pipe01/pipe01.component.ts: {"insertSpaces":true,"tabSize":2}
bai2-angular/src/app/pipe/filter.pipe.ts: {"insertSpaces":true,"tabSize":2}
bai2-angular/src/app/app.component.html: {"insertSpaces":true,"tabSize":2}
bai2-angular/src/app/app.component.html: Using EditorConfig core...
src/app/app.component.html: editor.action.trimTrailingWhitespace
bai2-angular/src/app/app.component.html: Using EditorConfig core...
src/app/app.component.html: editor.action.trimTrailingWhitespace
bai2-angular/src/app/app.component.html: Using EditorConfig core...
src/app/app.component.html: editor.action.trimTrailingWhitespace
bai2-angular/src/app/components/pipe01/pipe01.component.ts: {"insertSpaces":true,"tabSize":2}
bai2-angular/src/app/app.component.html: {"insertSpaces":true,"tabSize":2}
bai2-angular/src/app/app.component.html: Using EditorConfig core...
src/app/app.component.html: editor.action.trimTrailingWhitespace
src/app/app.component.html: insertFinalNewline(LF)
bai2-angular/src/app/app.component.html: Using EditorConfig core...
src/app/app.component.html: editor.action.trimTrailingWhitespace
bai2-angular/src/app/app.component.html: Using EditorConfig core...
src/app/app.component.html: editor.action.trimTrailingWhitespace
bai2-angular/src/app/app.component.html: Using EditorConfig core...
src/app/app.component.html: editor.action.trimTrailingWhitespace
bai2-angular/src/app/app.component.html: {"insertSpaces":true,"tabSize":2}
bai2-angular/src/app/components/pipe01/pipe01.component.ts: {"insertSpaces":true,"tabSize":2}
bai2-angular/src/app/components/pipe01/pipe01.component.ts: Using EditorConfig core...
src/app/components/pipe01/pipe01.component.ts: editor.action.trimTrailingWhitespace
bai2-angular/src/app/components/pipe01/pipe01.component.ts: Using EditorConfig core...
src/app/components/pipe01/pipe01.component.ts: editor.action.trimTrailingWhitespace
bai2-angular/src/app/components/pipe01/pipe01.component.ts: Using EditorConfig core...
src/app/components/pipe01/pipe01.component.ts: editor.action.trimTrailingWhitespace
bai2-angular/src/app/components/pipe01/pipe01.component.ts: Using EditorConfig core...
src/app/components/pipe01/pipe01.component.ts: editor.action.trimTrailingWhitespace
bai2-angular/src/app/components/pipe01/pipe01.component.ts: {"insertSpaces":true,"tabSize":2}
bai2-angular/src/app/components/pipe01/pipe01.component.ts: Using EditorConfig core...
src/app/components/pipe01/pipe01.component.ts: editor.action.trimTrailingWhitespace
bai2-angular/src/app/components/pipe01/pipe01.component.ts: Using EditorConfig core...
src/app/components/pipe01/pipe01.component.ts: editor.action.trimTrailingWhitespace
bai2-angular/src/app/components/pipe01/pipe01.component.html: {"insertSpaces":true,"tabSize":2}
bai2-angular/src/app/components/pipe01/pipe01.component.html: Using EditorConfig core...
src/app/components/pipe01/pipe01.component.html: editor.action.trimTrailingWhitespace
bai2-angular/src/app/components/pipe01/pipe01.component.html: Using EditorConfig core...
src/app/components/pipe01/pipe01.component.html: editor.action.trimTrailingWhitespace
bai2-angular/src/app/components/pipe01/pipe01.component.html: {"insertSpaces":true,"tabSize":2}
bai2-angular/src/app/components/pipe01/pipe01.component.html: {"insertSpaces":true,"tabSize":2}
bai2-angular/src/app/components/pipe01/pipe01.component.html: {"insertSpaces":true,"tabSize":2}
bai2-angular/src/app/components/pipe01/pipe01.component.html: {"insertSpaces":true,"tabSize":2}
bai2-angular/src/app/pipe/filter.pipe.ts: {"insertSpaces":true,"tabSize":2}
bai2-angular/src/app/app.component.spec.ts: {"insertSpaces":true,"tabSize":2}
bai2-angular/src/app/app.module.ts: {"insertSpaces":true,"tabSize":2}
bai2-angular/src/app/app.module.ts: Using EditorConfig core...
src/app/app.module.ts: editor.action.trimTrailingWhitespace
bai2-angular/src/app/app.module.ts: Using EditorConfig core...
src/app/app.module.ts: editor.action.trimTrailingWhitespace
bai2-angular/src/app/app.module.ts: Using EditorConfig core...
src/app/app.module.ts: editor.action.trimTrailingWhitespace
bai2-angular/src/app/pipe/sort-number.pipe.ts: {"insertSpaces":true,"tabSize":2}
bai2-angular/src/app/pipe/sort-number.pipe.ts: Using EditorConfig core...
src/app/pipe/sort-number.pipe.ts: editor.action.trimTrailingWhitespace
bai2-angular/src/app/pipe/sort-number.pipe.ts: Using EditorConfig core...
src/app/pipe/sort-number.pipe.ts: editor.action.trimTrailingWhitespace
bai2-angular/src/app/pipe/sort-number.pipe.ts: Using EditorConfig core...
src/app/pipe/sort-number.pipe.ts: editor.action.trimTrailingWhitespace
bai2-angular/src/app/pipe/sort-number.pipe.ts: Using EditorConfig core...
src/app/pipe/sort-number.pipe.ts: editor.action.trimTrailingWhitespace
bai2-angular/src/app/pipe/sort-number.pipe.ts: Using EditorConfig core...
src/app/pipe/sort-number.pipe.ts: editor.action.trimTrailingWhitespace
bai2-angular/src/app/app.component.html: {"insertSpaces":true,"tabSize":2}
bai2-angular/src/app/pipe/sort-number.pipe.ts: {"insertSpaces":true,"tabSize":2}
bai2-angular/src/app/app.component.html: {"insertSpaces":true,"tabSize":2}
bai2-angular/src/app/app.module.ts: {"insertSpaces":true,"tabSize":2}
bai2-angular/src/app/app.component.html: {"insertSpaces":true,"tabSize":2}
bai2-angular/src/app/pipe/filter.pipe.ts: {"insertSpaces":true,"tabSize":2}
bai2-angular/src/app/components/pipe01/pipe01.component.ts: {"insertSpaces":true,"tabSize":2}
bai2-angular/src/app/pipe/filter.pipe.ts: {"insertSpaces":true,"tabSize":2}
bai2-angular/src/app/components/pipe01/pipe01.component.html: {"insertSpaces":true,"tabSize":2}
bai2-angular/src/app/components/pipe01/pipe01.component.html: Using EditorConfig core...
src/app/components/pipe01/pipe01.component.html: editor.action.trimTrailingWhitespace
bai2-angular/src/app/components/pipe01/pipe01.component.html: Using EditorConfig core...
src/app/components/pipe01/pipe01.component.html: editor.action.trimTrailingWhitespace
bai2-angular/src/app/components/pipe01/pipe01.component.html: Using EditorConfig core...
src/app/components/pipe01/pipe01.component.html: editor.action.trimTrailingWhitespace
bai2-angular/src/app/components/pipe01/pipe01.component.html: Using EditorConfig core...
src/app/components/pipe01/pipe01.component.html: editor.action.trimTrailingWhitespace
bai2-angular/src/app/components/pipe01/pipe01.component.html: Using EditorConfig core...
src/app/components/pipe01/pipe01.component.html: editor.action.trimTrailingWhitespace
bai2-angular/src/app/components/pipe01/pipe01.component.html: {"insertSpaces":true,"tabSize":2}
bai2-angular/src/app/components/pipe01/pipe01.component.html: Using EditorConfig core...
src/app/components/pipe01/pipe01.component.html: editor.action.trimTrailingWhitespace
bai2-angular/src/app/pipe/sort-number.pipe.ts: {"insertSpaces":true,"tabSize":2}
bai2-angular/src/app/pipe/sort-number.pipe.ts: Using EditorConfig core...
src/app/pipe/sort-number.pipe.ts: editor.action.trimTrailingWhitespace
bai2-angular/src/app/pipe/sort-number.pipe.ts: Using EditorConfig core...
src/app/pipe/sort-number.pipe.ts: editor.action.trimTrailingWhitespace
bai2-angular/src/app/pipe/sort-number.pipe.ts: Using EditorConfig core...
src/app/pipe/sort-number.pipe.ts: editor.action.trimTrailingWhitespace
bai2-angular/src/app/pipe/sort-number.pipe.ts: Using EditorConfig core...
src/app/pipe/sort-number.pipe.ts: editor.action.trimTrailingWhitespace
bai2-angular/src/app/pipe/sort-number.pipe.ts: {"insertSpaces":true,"tabSize":2}
bai2-angular/src/app/pipe/sort-number.pipe.ts: {"insertSpaces":true,"tabSize":2}
bai2-angular/src/app/pipe/sort-number.pipe.ts: Using EditorConfig core...
src/app/pipe/sort-number.pipe.ts: editor.action.trimTrailingWhitespace
bai2-angular/src/app/pipe/sort-number.pipe.ts: Using EditorConfig core...
src/app/pipe/sort-number.pipe.ts: editor.action.trimTrailingWhitespace
bai2-angular/src/app/pipe/sort-number.pipe.ts: Using EditorConfig core...
src/app/pipe/sort-number.pipe.ts: editor.action.trimTrailingWhitespace
bai2-angular/src/app/pipe/sort-number.pipe.ts: Using EditorConfig core...
src/app/pipe/sort-number.pipe.ts: editor.action.trimTrailingWhitespace
bai2-angular/src/app/pipe/sort-number.pipe.ts: {"insertSpaces":true,"tabSize":2}
bai2-angular/src/app/pipe/sort-number.pipe.ts: Using EditorConfig core...
src/app/pipe/sort-number.pipe.ts: editor.action.trimTrailingWhitespace
bai2-angular/src/app/pipe/sort-number.pipe.ts: Using EditorConfig core...
src/app/pipe/sort-number.pipe.ts: editor.action.trimTrailingWhitespace
bai2-angular/src/app/pipe/sort-number.pipe.ts: Using EditorConfig core...
src/app/pipe/sort-number.pipe.ts: editor.action.trimTrailingWhitespace
bai2-angular/src/app/components/pipe01/pipe01.component.html: {"insertSpaces":true,"tabSize":2}
bai2-angular/src/app/components/pipe01/pipe01.component.html: Using EditorConfig core...
src/app/components/pipe01/pipe01.component.html: editor.action.trimTrailingWhitespace
bai2-angular/src/app/components/pipe01/pipe01.component.html: Using EditorConfig core...
src/app/components/pipe01/pipe01.component.html: editor.action.trimTrailingWhitespace
bai2-angular/src/app/components/pipe01/pipe01.component.html: Using EditorConfig core...
src/app/components/pipe01/pipe01.component.html: editor.action.trimTrailingWhitespace
bai2-angular/src/app/components/pipe01/pipe01.component.html: Using EditorConfig core...
src/app/components/pipe01/pipe01.component.html: editor.action.trimTrailingWhitespace
bai2-angular/src/app/components/pipe01/pipe01.component.html: Using EditorConfig core...
src/app/components/pipe01/pipe01.component.html: editor.action.trimTrailingWhitespace
bai2-angular/src/app/components/pipe01/pipe01.component.html: {"insertSpaces":true,"tabSize":2}
bai2-angular/src/app/components/pipe01/pipe01.component.html: Using EditorConfig core...
src/app/components/pipe01/pipe01.component.html: editor.action.trimTrailingWhitespace
bai2-angular/src/app/components/pipe01/pipe01.component.html: Using EditorConfig core...
src/app/components/pipe01/pipe01.component.html: editor.action.trimTrailingWhitespace
bai2-angular/src/app/components/pipe01/pipe01.component.html: Using EditorConfig core...
src/app/components/pipe01/pipe01.component.html: editor.action.trimTrailingWhitespace
bai2-angular/src/app/components/pipe01/pipe01.component.html: Using EditorConfig core...
src/app/components/pipe01/pipe01.component.html: editor.action.trimTrailingWhitespace
bai2-angular/src/app/components/pipe01/pipe01.component.html: Using EditorConfig core...
src/app/components/pipe01/pipe01.component.html: editor.action.trimTrailingWhitespace
bai2-angular/src/app/components/pipe01/pipe01.component.html: Using EditorConfig core...
src/app/components/pipe01/pipe01.component.html: editor.action.trimTrailingWhitespace
bai2-angular/src/app/components/pipe01/pipe01.component.html: Using EditorConfig core...
src/app/components/pipe01/pipe01.component.html: editor.action.trimTrailingWhitespace
bai2-angular/src/app/components/pipe01/pipe01.component.html: Using EditorConfig core...
src/app/components/pipe01/pipe01.component.html: editor.action.trimTrailingWhitespace
bai2-angular/src/app/components/pipe01/pipe01.component.html: {"insertSpaces":true,"tabSize":2}
bai2-angular/src/app/components/pipe/pipe.component.html: {"insertSpaces":true,"tabSize":2}
bai2-angular/src/app/components/pipe01/pipe01.component.html: {"insertSpaces":true,"tabSize":2}
bai2-angular/src/app/components/pipe01/pipe01.component.html: Using EditorConfig core...
src/app/components/pipe01/pipe01.component.html: editor.action.trimTrailingWhitespace
bai2-angular/src/app/components/pipe01/pipe01.component.html: Using EditorConfig core...
src/app/components/pipe01/pipe01.component.html: editor.action.trimTrailingWhitespace
bai2-angular/src/app/components/pipe01/pipe01.component.html: Using EditorConfig core...
src/app/components/pipe01/pipe01.component.html: editor.action.trimTrailingWhitespace
bai2-angular/src/app/components/pipe01/pipe01.component.html: Using EditorConfig core...
src/app/components/pipe01/pipe01.component.html: editor.action.trimTrailingWhitespace
bai2-angular/src/app/components/pipe01/pipe01.component.html: {"insertSpaces":true,"tabSize":2}
bai2-angular/src/app/components/pipe01/pipe01.component.html: Using EditorConfig core...
src/app/components/pipe01/pipe01.component.html: editor.action.trimTrailingWhitespace
bai2-angular/src/app/components/pipe01/pipe01.component.html: Using EditorConfig core...
src/app/components/pipe01/pipe01.component.html: editor.action.trimTrailingWhitespace
bai2-angular/src/app/components/pipe01/pipe01.component.html: Using EditorConfig core...
src/app/components/pipe01/pipe01.component.html: editor.action.trimTrailingWhitespace
bai2-angular/src/app/components/pipe01/pipe01.component.html: Using EditorConfig core...
src/app/components/pipe01/pipe01.component.html: editor.action.trimTrailingWhitespace
bai2-angular/src/app/components/pipe01/pipe01.component.html: {"insertSpaces":true,"tabSize":2}
bai2-angular/src/app/components/pipe01/pipe01.component.html: {"insertSpaces":true,"tabSize":2}
bai2-angular/src/app/components/pipe01/pipe01.component.html: Using EditorConfig core...
src/app/components/pipe01/pipe01.component.html: editor.action.trimTrailingWhitespace
bai2-angular/src/app/components/pipe01/pipe01.component.html: Using EditorConfig core...
src/app/components/pipe01/pipe01.component.html: editor.action.trimTrailingWhitespace
bai2-angular/src/app/components/pipe01/pipe01.component.html: Using EditorConfig core...
src/app/components/pipe01/pipe01.component.html: editor.action.trimTrailingWhitespace
bai2-angular/src/app/components/pipe01/pipe01.component.html: Using EditorConfig core...
src/app/components/pipe01/pipe01.component.html: editor.action.trimTrailingWhitespace
bai2-angular/src/app/components/pipe01/pipe01.component.html: Using EditorConfig core...
src/app/components/pipe01/pipe01.component.html: editor.action.trimTrailingWhitespace
bai2-angular/src/app/pipe/sort-number.pipe.ts: {"insertSpaces":true,"tabSize":2}
bai2-angular/src/app/components/pipe01/pipe01.component.ts: {"insertSpaces":true,"tabSize":2}
bai2-angular/src/app/components/pipe01/pipe01.component.ts: Using EditorConfig core...
src/app/components/pipe01/pipe01.component.ts: editor.action.trimTrailingWhitespace
bai2-angular/src/app/components/pipe01/pipe01.component.ts: Using EditorConfig core...
src/app/components/pipe01/pipe01.component.ts: editor.action.trimTrailingWhitespace
bai2-angular/src/app/components/pipe01/pipe01.component.ts: Using EditorConfig core...
src/app/components/pipe01/pipe01.component.ts: editor.action.trimTrailingWhitespace
bai2-angular/src/app/components/pipe01/pipe01.component.ts: Using EditorConfig core...
src/app/components/pipe01/pipe01.component.ts: editor.action.trimTrailingWhitespace
bai2-angular/src/app/components/pipe01/pipe01.component.ts: {"insertSpaces":true,"tabSize":2}
bai2-angular/src/app/pipe/sort-number.pipe.ts: {"insertSpaces":true,"tabSize":2}
bai2-angular/src/app/components/pipe01/pipe01.component.html: {"insertSpaces":true,"tabSize":2}
bai2-angular/src/app/pipe/sort-number.pipe.ts: {"insertSpaces":true,"tabSize":2}
bai2-angular/src/app/pipe/sort-number.pipe.ts: {"insertSpaces":true,"tabSize":2}
bai2-angular/src/app/components/pipe01/pipe01.component.ts: {"insertSpaces":true,"tabSize":2}
bai2-angular/src/app/components/pipe01/pipe01.component.ts: Using EditorConfig core...
src/app/components/pipe01/pipe01.component.ts: editor.action.trimTrailingWhitespace
bai2-angular/src/app/components/pipe01/pipe01.component.ts: Using EditorConfig core...
src/app/components/pipe01/pipe01.component.ts: editor.action.trimTrailingWhitespace
bai2-angular/src/app/components/pipe01/pipe01.component.ts: Using EditorConfig core...
src/app/components/pipe01/pipe01.component.ts: editor.action.trimTrailingWhitespace
bai2-angular/src/app/components/pipe01/pipe01.component.ts: Using EditorConfig core...
src/app/components/pipe01/pipe01.component.ts: editor.action.trimTrailingWhitespace
bai2-angular/src/app/components/pipe01/pipe01.component.ts: Using EditorConfig core...
src/app/components/pipe01/pipe01.component.ts: editor.action.trimTrailingWhitespace
bai2-angular/src/app/pipe/sort-number.pipe.ts: {"insertSpaces":true,"tabSize":2}
bai2-angular/src/app/components/pipe01/pipe01.component.html: {"insertSpaces":true,"tabSize":2}
bai2-angular/src/app/components/pipe01/pipe01.component.ts: {"insertSpaces":true,"tabSize":2}
bai2-angular/src/app/components/pipe01/pipe01.component.html: {"insertSpaces":true,"tabSize":2}
bai2-angular/src/app/components/pipe01/pipe01.component.html: Using EditorConfig core...
src/app/components/pipe01/pipe01.component.html: editor.action.trimTrailingWhitespace
bai2-angular/src/app/components/pipe01/pipe01.component.html: Using EditorConfig core...
src/app/components/pipe01/pipe01.component.html: editor.action.trimTrailingWhitespace
bai2-angular/src/app/components/pipe01/pipe01.component.html: Using EditorConfig core...
src/app/components/pipe01/pipe01.component.html: editor.action.trimTrailingWhitespace
bai2-angular/src/app/components/pipe01/pipe01.component.html: Using EditorConfig core...
src/app/components/pipe01/pipe01.component.html: editor.action.trimTrailingWhitespace
bai2-angular/src/app/components/pipe01/pipe01.component.html: Using EditorConfig core...
src/app/components/pipe01/pipe01.component.html: editor.action.trimTrailingWhitespace
bai2-angular/src/app/components/pipe01/pipe01.component.html: Using EditorConfig core...
src/app/components/pipe01/pipe01.component.html: editor.action.trimTrailingWhitespace
bai2-angular/src/app/components/pipe01/pipe01.component.html: {"insertSpaces":true,"tabSize":2}
bai2-angular/src/app/components/pipe01/pipe01.component.html: Using EditorConfig core...
src/app/components/pipe01/pipe01.component.html: editor.action.trimTrailingWhitespace
bai2-angular/src/app/components/pipe01/pipe01.component.html: Using EditorConfig core...
src/app/components/pipe01/pipe01.component.html: editor.action.trimTrailingWhitespace
bai2-angular/src/app/components/pipe01/pipe01.component.html: Using EditorConfig core...
src/app/components/pipe01/pipe01.component.html: editor.action.trimTrailingWhitespace
bai2-angular/src/app/components/pipe01/pipe01.component.html: {"insertSpaces":true,"tabSize":2}
bai2-angular/src/app/pipe/sort-number.pipe.ts: {"insertSpaces":true,"tabSize":2}
bai2-angular/src/app/pipe/sort-number.pipe.ts: Using EditorConfig core...
src/app/pipe/sort-number.pipe.ts: editor.action.trimTrailingWhitespace
bai2-angular/src/app/pipe/sort-number.pipe.ts: Using EditorConfig core...
src/app/pipe/sort-number.pipe.ts: editor.action.trimTrailingWhitespace
bai2-angular/src/app/pipe/sort-number.pipe.ts: Using EditorConfig core...
src/app/pipe/sort-number.pipe.ts: editor.action.trimTrailingWhitespace
bai2-angular/src/app/pipe/sort-number.pipe.ts: Using EditorConfig core...
src/app/pipe/sort-number.pipe.ts: editor.action.trimTrailingWhitespace
bai2-angular/src/app/pipe/sort-number.pipe.ts: Using EditorConfig core...
src/app/pipe/sort-number.pipe.ts: editor.action.trimTrailingWhitespace
bai2-angular/src/app/pipe/sort-number.pipe.ts: Using EditorConfig core...
src/app/pipe/sort-number.pipe.ts: editor.action.trimTrailingWhitespace
bai2-angular/src/app/pipe/sort-number.pipe.ts: Using EditorConfig core...
src/app/pipe/sort-number.pipe.ts: editor.action.trimTrailingWhitespace
bai2-angular/src/app/pipe/sort-number.pipe.ts: Using EditorConfig core...
src/app/pipe/sort-number.pipe.ts: editor.action.trimTrailingWhitespace
bai2-angular/src/app/pipe/sort-number.pipe.ts: Using EditorConfig core...
src/app/pipe/sort-number.pipe.ts: editor.action.trimTrailingWhitespace
bai2-angular/src/app/pipe/sort-number.pipe.ts: Using EditorConfig core...
src/app/pipe/sort-number.pipe.ts: editor.action.trimTrailingWhitespace
bai2-angular/src/app/pipe/sort-number.pipe.ts: {"insertSpaces":true,"tabSize":2}
bai2-angular/src/app/components/pipe01/pipe01.component.ts: {"insertSpaces":true,"tabSize":2}
bai2-angular/src/app/components/pipe01/pipe01.component.ts: Using EditorConfig core...
src/app/components/pipe01/pipe01.component.ts: editor.action.trimTrailingWhitespace
bai2-angular/src/app/components/pipe01/pipe01.component.ts: {"insertSpaces":true,"tabSize":2}
bai2-angular/src/app/components/pipe01/pipe01.component.html: {"insertSpaces":true,"tabSize":2}
bai2-angular/src/app/components/pipe01/pipe01.component.html: Using EditorConfig core...
src/app/components/pipe01/pipe01.component.html: editor.action.trimTrailingWhitespace
bai2-angular/src/app/components/pipe01/pipe01.component.html: Using EditorConfig core...
src/app/components/pipe01/pipe01.component.html: editor.action.trimTrailingWhitespace
bai2-angular/src/app/components/pipe01/pipe01.component.html: {"insertSpaces":true,"tabSize":2}
bai2-angular/src/app/components/pipe01/pipe01.component.html: Using EditorConfig core...
src/app/components/pipe01/pipe01.component.html: editor.action.trimTrailingWhitespace
bai2-angular/src/app/components/pipe01/pipe01.component.html: {"insertSpaces":true,"tabSize":2}
bai2-angular/src/app/pipe/capitalize.pipe.ts: {"insertSpaces":true,"tabSize":2}
bai2-angular/src/app/pipe/capitalize.pipe.ts: {"insertSpaces":true,"tabSize":2}
bai2-angular/src/app/components/pipe01/pipe01.component.html: {"insertSpaces":true,"tabSize":2}
bai2-angular/src/app/pipe/capitalize.pipe.ts: {"insertSpaces":true,"tabSize":2}
bai2-angular/src/app/pipe/sort-number.pipe.ts: {"insertSpaces":true,"tabSize":2}
bai2-angular/src/app/pipe/capitalize.pipe.ts: {"insertSpaces":true,"tabSize":2}
bai2-angular/src/app/components/pipe01/pipe01.component.html: {"insertSpaces":true,"tabSize":2}
bai2-angular/src/app/components/pipe01/pipe01.component.html: Using EditorConfig core...
src/app/components/pipe01/pipe01.component.html: editor.action.trimTrailingWhitespace
bai2-angular/src/app/components/pipe01/pipe01.component.html: Using EditorConfig core...
src/app/components/pipe01/pipe01.component.html: editor.action.trimTrailingWhitespace
bai2-angular/src/app/components/pipe01/pipe01.component.html: Using EditorConfig core...
src/app/components/pipe01/pipe01.component.html: editor.action.trimTrailingWhitespace
bai2-angular/src/app/components/pipe01/pipe01.component.html: Using EditorConfig core...
src/app/components/pipe01/pipe01.component.html: editor.action.trimTrailingWhitespace
bai2-angular/src/app/pipe/capitalize.pipe.ts: {"insertSpaces":true,"tabSize":2}
bai2-angular/src/app/components/pipe01/pipe01.component.ts: {"insertSpaces":true,"tabSize":2}
bai2-angular/src/app/components/pipe01/pipe01.component.html: {"insertSpaces":true,"tabSize":2}
bai2-angular/src/app/pipe/capitalize.pipe.ts: {"insertSpaces":true,"tabSize":2}
bai2-angular/src/app/pipe/capitalize.pipe.ts: Using EditorConfig core...
src/app/pipe/capitalize.pipe.ts: editor.action.trimTrailingWhitespace
bai2-angular/src/app/pipe/capitalize.pipe.ts: Using EditorConfig core...
src/app/pipe/capitalize.pipe.ts: editor.action.trimTrailingWhitespace
bai2-angular/src/app/pipe/capitalize.pipe.ts: Using EditorConfig core...
src/app/pipe/capitalize.pipe.ts: editor.action.trimTrailingWhitespace
bai2-angular/src/app/pipe/capitalize.pipe.ts: Using EditorConfig core...
src/app/pipe/capitalize.pipe.ts: editor.action.trimTrailingWhitespace
bai2-angular/src/app/pipe/capitalize.pipe.ts: {"insertSpaces":true,"tabSize":2}
bai2-angular/src/app/pipe/capitalize.pipe.ts: Using EditorConfig core...
src/app/pipe/capitalize.pipe.ts: editor.action.trimTrailingWhitespace
bai2-angular/src/app/pipe/capitalize.pipe.ts: Using EditorConfig core...
src/app/pipe/capitalize.pipe.ts: editor.action.trimTrailingWhitespace
bai2-angular/src/app/pipe/capitalize.pipe.ts: Using EditorConfig core...
src/app/pipe/capitalize.pipe.ts: editor.action.trimTrailingWhitespace
bai2-angular/src/app/pipe/capitalize.pipe.ts: Using EditorConfig core...
src/app/pipe/capitalize.pipe.ts: editor.action.trimTrailingWhitespace
bai2-angular/src/app/pipe/capitalize.pipe.ts: Using EditorConfig core...
src/app/pipe/capitalize.pipe.ts: editor.action.trimTrailingWhitespace
bai2-angular/src/app/pipe/capitalize.pipe.ts: {"insertSpaces":true,"tabSize":2}
bai2-angular/src/app/pipe/capitalize.pipe.ts: {"insertSpaces":true,"tabSize":2}
bai2-angular/src/app/pipe/capitalize.pipe.ts: {"insertSpaces":true,"tabSize":2}
bai2-angular/src/app/pipe/capitalize.pipe.ts: {"insertSpaces":true,"tabSize":2}
bai2-angular/src/app/pipe/capitalize.pipe.ts: {"insertSpaces":true,"tabSize":2}
bai2-angular/src/app/pipe/capitalize.pipe.ts: {"insertSpaces":true,"tabSize":2}
bai2-angular/src/app/pipe/capitalize.pipe.ts: Using EditorConfig core...
src/app/pipe/capitalize.pipe.ts: editor.action.trimTrailingWhitespace
bai2-angular/src/app/pipe/capitalize.pipe.ts: Using EditorConfig core...
src/app/pipe/capitalize.pipe.ts: editor.action.trimTrailingWhitespace
bai2-angular/src/app/pipe/capitalize.pipe.ts: Using EditorConfig core...
src/app/pipe/capitalize.pipe.ts: editor.action.trimTrailingWhitespace
bai2-angular/src/app/pipe/capitalize.pipe.ts: Using EditorConfig core...
src/app/pipe/capitalize.pipe.ts: editor.action.trimTrailingWhitespace
bai2-angular/src/app/pipe/capitalize.pipe.ts: Using EditorConfig core...
src/app/pipe/capitalize.pipe.ts: editor.action.trimTrailingWhitespace
bai2-angular/src/app/pipe/capitalize.pipe.ts: {"insertSpaces":true,"tabSize":2}
bai2-angular/src/app/pipe/capitalize.pipe.ts: Using EditorConfig core...
src/app/pipe/capitalize.pipe.ts: editor.action.trimTrailingWhitespace
bai2-angular/src/app/pipe/capitalize.pipe.ts: Using EditorConfig core...
src/app/pipe/capitalize.pipe.ts: editor.action.trimTrailingWhitespace
bai2-angular/src/app/components/pipe01/pipe01.component.html: {"insertSpaces":true,"tabSize":2}
bai2-angular/src/app/app.component.html: {"insertSpaces":true,"tabSize":2}
bai2-angular/src/app/app.component.html: Using EditorConfig core...
src/app/app.component.html: editor.action.trimTrailingWhitespace
src/app/app.component.html: insertFinalNewline(LF)
bai2-angular/src/app/app.component.html: Using EditorConfig core...
src/app/app.component.html: editor.action.trimTrailingWhitespace
bai2-angular/src/app/app.component.html: Using EditorConfig core...
src/app/app.component.html: editor.action.trimTrailingWhitespace
bai2-angular/src/app/app.component.html: Using EditorConfig core...
src/app/app.component.html: editor.action.trimTrailingWhitespace
bai2-angular/src/app/app.component.html: Using EditorConfig core...
src/app/app.component.html: editor.action.trimTrailingWhitespace
bai2-angular/src/app/app.component.html: {"insertSpaces":true,"tabSize":2}
bai2-angular/src/app/components/pipe02/pipe02.component.html: {"insertSpaces":true,"tabSize":2}
bai2-angular/src/app/components/pipe01/pipe01.component.html: {"insertSpaces":true,"tabSize":2}
bai2-angular/src/app/components/pipe02/pipe02.component.html: {"insertSpaces":true,"tabSize":2}
bai2-angular/src/app/components/pipe02/pipe02.component.html: Using EditorConfig core...
src/app/components/pipe02/pipe02.component.html: editor.action.trimTrailingWhitespace
bai2-angular/src/app/components/pipe02/pipe02.component.html: Using EditorConfig core...
src/app/components/pipe02/pipe02.component.html: editor.action.trimTrailingWhitespace
bai2-angular/src/app/components/pipe02/pipe02.component.html: Using EditorConfig core...
src/app/components/pipe02/pipe02.component.html: editor.action.trimTrailingWhitespace
bai2-angular/src/app/components/pipe02/pipe02.component.html: Using EditorConfig core...
src/app/components/pipe02/pipe02.component.html: editor.action.trimTrailingWhitespace
bai2-angular/src/app/components/pipe02/pipe02.component.html: Using EditorConfig core...
src/app/components/pipe02/pipe02.component.html: editor.action.trimTrailingWhitespace
bai2-angular/src/app/components/pipe02/pipe02.component.html: {"insertSpaces":true,"tabSize":2}
bai2-angular/src/app/components/pipe02/pipe02.component.ts: {"insertSpaces":true,"tabSize":2}
bai2-angular/src/app/components/pipe02/pipe02.component.ts: {"insertSpaces":true,"tabSize":2}
bai2-angular/src/app/components/pipe02/pipe02.component.ts: {"insertSpaces":true,"tabSize":2}
bai2-angular/src/app/components/pipe02/pipe02.component.ts: Using EditorConfig core...
src/app/components/pipe02/pipe02.component.ts: editor.action.trimTrailingWhitespace
bai2-angular/src/app/components/pipe02/pipe02.component.ts: Using EditorConfig core...
src/app/components/pipe02/pipe02.component.ts: editor.action.trimTrailingWhitespace
bai2-angular/src/app/components/pipe02/pipe02.component.ts: {"insertSpaces":true,"tabSize":2}
bai2-angular/src/app/components/pipe02/pipe02.component.html: {"insertSpaces":true,"tabSize":2}
bai2-angular/src/app/components/pipe02/pipe02.component.html: Using EditorConfig core...
src/app/components/pipe02/pipe02.component.html: editor.action.trimTrailingWhitespace
bai2-angular/src/app/components/pipe02/pipe02.component.html: Using EditorConfig core...
src/app/components/pipe02/pipe02.component.html: editor.action.trimTrailingWhitespace
bai2-angular/src/app/components/pipe02/pipe02.component.html: Using EditorConfig core...
src/app/components/pipe02/pipe02.component.html: editor.action.trimTrailingWhitespace
bai2-angular/src/app/components/pipe02/pipe02.component.html: {"insertSpaces":true,"tabSize":2}
bai2-angular/src/app/components/pipe02/pipe02.component.html: {"insertSpaces":true,"tabSize":2}
bai2-angular/src/app/components/pipe02/pipe02.component.html: Using EditorConfig core...
src/app/components/pipe02/pipe02.component.html: editor.action.trimTrailingWhitespace
bai2-angular/src/app/components/pipe02/pipe02.component.html: Using EditorConfig core...
src/app/components/pipe02/pipe02.component.html: editor.action.trimTrailingWhitespace
bai2-angular/src/app/components/pipe02/pipe02.component.html: Using EditorConfig core...
src/app/components/pipe02/pipe02.component.html: editor.action.trimTrailingWhitespace
bai2-angular/src/app/components/pipe02/pipe02.component.html: Using EditorConfig core...
src/app/components/pipe02/pipe02.component.html: editor.action.trimTrailingWhitespace
bai2-angular/src/app/components/pipe02/pipe02.component.html: {"insertSpaces":true,"tabSize":2}
bai2-angular/src/app/components/pipe02/pipe02.component.html: Using EditorConfig core...
src/app/components/pipe02/pipe02.component.html: editor.action.trimTrailingWhitespace
bai2-angular/src/app/components/pipe02/pipe02.component.html: Using EditorConfig core...
src/app/components/pipe02/pipe02.component.html: editor.action.trimTrailingWhitespace
bai2-angular/src/app/components/pipe02/pipe02.component.html: {"insertSpaces":true,"tabSize":2}
bai2-angular/src/app/components/pipe02/pipe02.component.html: Using EditorConfig core...
src/app/components/pipe02/pipe02.component.html: editor.action.trimTrailingWhitespace
bai2-angular/src/app/components/pipe02/pipe02.component.html: Using EditorConfig core...
src/app/components/pipe02/pipe02.component.html: editor.action.trimTrailingWhitespace
bai2-angular/src/app/components/pipe02/pipe02.component.html: Using EditorConfig core...
src/app/components/pipe02/pipe02.component.html: editor.action.trimTrailingWhitespace
bai2-angular/src/app/components/pipe02/pipe02.component.html: {"insertSpaces":true,"tabSize":2}
bai2-angular/src/app/components/pipe02/pipe02.component.html: Using EditorConfig core...
src/app/components/pipe02/pipe02.component.html: editor.action.trimTrailingWhitespace
bai2-angular/src/app/components/pipe02/pipe02.component.html: Using EditorConfig core...
src/app/components/pipe02/pipe02.component.html: editor.action.trimTrailingWhitespace
bai2-angular/src/app/components/pipe02/pipe02.component.html: Using EditorConfig core...
src/app/components/pipe02/pipe02.component.html: editor.action.trimTrailingWhitespace
bai2-angular/src/app/components/pipe02/pipe02.component.html: Using EditorConfig core...
src/app/components/pipe02/pipe02.component.html: editor.action.trimTrailingWhitespace
bai2-angular/src/app/components/pipe02/pipe02.component.html: Using EditorConfig core...
src/app/components/pipe02/pipe02.component.html: editor.action.trimTrailingWhitespace
bai2-angular/src/app/components/pipe02/pipe02.component.html: Using EditorConfig core...
src/app/components/pipe02/pipe02.component.html: editor.action.trimTrailingWhitespace
bai2-angular/src/app/components/pipe02/pipe02.component.html: {"insertSpaces":true,"tabSize":2}
bai2-angular/src/app/components/pipe02/pipe02.component.html: {"insertSpaces":true,"tabSize":2}
bai2-angular/src/app/components/pipe02/pipe02.component.html: Using EditorConfig core...
src/app/components/pipe02/pipe02.component.html: editor.action.trimTrailingWhitespace
bai2-angular/src/app/components/pipe02/pipe02.component.html: Using EditorConfig core...
src/app/components/pipe02/pipe02.component.html: editor.action.trimTrailingWhitespace
bai2-angular/src/app/components/pipe02/pipe02.component.html: Using EditorConfig core...
src/app/components/pipe02/pipe02.component.html: editor.action.trimTrailingWhitespace
bai2-angular/src/app/components/pipe02/pipe02.component.html: Using EditorConfig core...
src/app/components/pipe02/pipe02.component.html: editor.action.trimTrailingWhitespace
bai2-angular/src/app/components/pipe02/pipe02.component.html: {"insertSpaces":true,"tabSize":2}
bai2-angular/src/app/components/pipe02/pipe02.component.ts: {"insertSpaces":true,"tabSize":2}
bai2-angular/src/app/components/pipe02/pipe02.component.ts: Using EditorConfig core...
src/app/components/pipe02/pipe02.component.ts: editor.action.trimTrailingWhitespace
bai2-angular/src/app/components/pipe02/pipe02.component.ts: Using EditorConfig core...
src/app/components/pipe02/pipe02.component.ts: editor.action.trimTrailingWhitespace
bai2-angular/src/app/components/pipe02/pipe02.component.ts: Using EditorConfig core...
src/app/components/pipe02/pipe02.component.ts: editor.action.trimTrailingWhitespace
bai2-angular/src/app/components/pipe02/pipe02.component.ts: Using EditorConfig core...
src/app/components/pipe02/pipe02.component.ts: editor.action.trimTrailingWhitespace
bai2-angular/src/app/components/pipe02/pipe02.component.ts: Using EditorConfig core...
src/app/components/pipe02/pipe02.component.ts: editor.action.trimTrailingWhitespace
bai2-angular/src/app/components/pipe02/pipe02.component.ts: Using EditorConfig core...
src/app/components/pipe02/pipe02.component.ts: editor.action.trimTrailingWhitespace
bai2-angular/src/app/components/pipe02/pipe02.component.ts: {"insertSpaces":true,"tabSize":2}
bai2-angular/src/app/components/pipe02/pipe02.component.html: {"insertSpaces":true,"tabSize":2}
bai2-angular/src/app/components/pipe02/pipe02.component.html: Using EditorConfig core...
src/app/components/pipe02/pipe02.component.html: editor.action.trimTrailingWhitespace
bai2-angular/src/app/components/pipe02/pipe02.component.html: Using EditorConfig core...
src/app/components/pipe02/pipe02.component.html: editor.action.trimTrailingWhitespace
bai2-angular/src/app/components/pipe02/pipe02.component.html: Using EditorConfig core...
src/app/components/pipe02/pipe02.component.html: editor.action.trimTrailingWhitespace
bai2-angular/src/app/components/pipe02/pipe02.component.html: Using EditorConfig core...
src/app/components/pipe02/pipe02.component.html: editor.action.trimTrailingWhitespace
bai2-angular/src/app/components/pipe02/pipe02.component.html: Using EditorConfig core...
src/app/components/pipe02/pipe02.component.html: editor.action.trimTrailingWhitespace
bai2-angular/src/app/components/pipe02/pipe02.component.html: Using EditorConfig core...
src/app/components/pipe02/pipe02.component.html: editor.action.trimTrailingWhitespace
bai2-angular/src/app/components/pipe02/pipe02.component.html: {"insertSpaces":true,"tabSize":2}
bai2-angular/src/app/components/pipe02/pipe02.component.ts: {"insertSpaces":true,"tabSize":2}
bai2-angular/src/app/components/pipe02/pipe02.component.ts: Using EditorConfig core...
src/app/components/pipe02/pipe02.component.ts: editor.action.trimTrailingWhitespace
bai2-angular/src/app/components/pipe02/pipe02.component.ts: Using EditorConfig core...
src/app/components/pipe02/pipe02.component.ts: editor.action.trimTrailingWhitespace
bai2-angular/src/app/components/pipe02/pipe02.component.ts: Using EditorConfig core...
src/app/components/pipe02/pipe02.component.ts: editor.action.trimTrailingWhitespace
bai2-angular/src/app/components/pipe02/pipe02.component.ts: Using EditorConfig core...
src/app/components/pipe02/pipe02.component.ts: editor.action.trimTrailingWhitespace
bai2-angular/src/app/components/pipe02/pipe02.component.ts: {"insertSpaces":true,"tabSize":2}
bai2-angular/src/app/components/pipe02/pipe02.component.ts: Using EditorConfig core...
src/app/components/pipe02/pipe02.component.ts: editor.action.trimTrailingWhitespace
bai2-angular/src/app/components/pipe02/pipe02.component.ts: Using EditorConfig core...
src/app/components/pipe02/pipe02.component.ts: editor.action.trimTrailingWhitespace
bai2-angular/src/app/components/pipe02/pipe02.component.ts: Using EditorConfig core...
src/app/components/pipe02/pipe02.component.ts: editor.action.trimTrailingWhitespace
bai2-angular/src/app/components/pipe02/pipe02.component.ts: {"insertSpaces":true,"tabSize":2}
bai2-angular/src/app/pipe/sort.pipe.ts: {"insertSpaces":true,"tabSize":2}
bai2-angular/src/app/pipe/sort.pipe.ts: {"insertSpaces":true,"tabSize":2}
bai2-angular/src/app/components/pipe02/pipe02.component.ts: {"insertSpaces":true,"tabSize":2}
bai2-angular/src/app/components/pipe02/pipe02.component.ts: Using EditorConfig core...
src/app/components/pipe02/pipe02.component.ts: editor.action.trimTrailingWhitespace
bai2-angular/src/app/components/pipe02/pipe02.component.ts: Using EditorConfig core...
src/app/components/pipe02/pipe02.component.ts: editor.action.trimTrailingWhitespace
bai2-angular/src/app/components/pipe02/pipe02.component.ts: {"insertSpaces":true,"tabSize":2}
bai2-angular/src/app/components/pipe02/pipe02.component.ts: Using EditorConfig core...
src/app/components/pipe02/pipe02.component.ts: editor.action.trimTrailingWhitespace
bai2-angular/src/app/components/pipe02/pipe02.component.ts: {"insertSpaces":true,"tabSize":2}
bai2-angular/src/app/components/pipe02/pipe02.component.html: {"insertSpaces":true,"tabSize":2}
bai2-angular/src/app/components/pipe02/pipe02.component.html: Using EditorConfig core...
src/app/components/pipe02/pipe02.component.html: editor.action.trimTrailingWhitespace
bai2-angular/src/app/components/pipe02/pipe02.component.html: Using EditorConfig core...
src/app/components/pipe02/pipe02.component.html: editor.action.trimTrailingWhitespace
bai2-angular/src/app/components/pipe02/pipe02.component.html: Using EditorConfig core...
src/app/components/pipe02/pipe02.component.html: editor.action.trimTrailingWhitespace
bai2-angular/src/app/components/pipe02/pipe02.component.html: Using EditorConfig core...
src/app/components/pipe02/pipe02.component.html: editor.action.trimTrailingWhitespace
bai2-angular/src/app/components/pipe02/pipe02.component.html: {"insertSpaces":true,"tabSize":2}
bai2-angular/src/app/components/pipe02/pipe02.component.html: {"insertSpaces":true,"tabSize":2}
bai2-angular/src/app/components/pipe02/pipe02.component.html: Using EditorConfig core...
src/app/components/pipe02/pipe02.component.html: editor.action.trimTrailingWhitespace
bai2-angular/src/app/components/pipe02/pipe02.component.html: Using EditorConfig core...
src/app/components/pipe02/pipe02.component.html: editor.action.trimTrailingWhitespace
bai2-angular/src/app/components/pipe02/pipe02.component.html: {"insertSpaces":true,"tabSize":2}
bai2-angular/src/app/components/pipe02/pipe02.component.html: Using EditorConfig core...
src/app/components/pipe02/pipe02.component.html: editor.action.trimTrailingWhitespace
bai2-angular/src/app/components/pipe02/pipe02.component.html: Using EditorConfig core...
src/app/components/pipe02/pipe02.component.html: editor.action.trimTrailingWhitespace
bai2-angular/src/app/components/pipe02/pipe02.component.html: Using EditorConfig core...
src/app/components/pipe02/pipe02.component.html: editor.action.trimTrailingWhitespace
bai2-angular/src/app/components/pipe02/pipe02.component.html: Using EditorConfig core...
src/app/components/pipe02/pipe02.component.html: editor.action.trimTrailingWhitespace
bai2-angular/src/app/components/pipe02/pipe02.component.html: Using EditorConfig core...
src/app/components/pipe02/pipe02.component.html: editor.action.trimTrailingWhitespace
bai2-angular/src/app/components/pipe02/pipe02.component.html: {"insertSpaces":true,"tabSize":2}
bai2-angular/src/app/components/pipe02/pipe02.component.html: Using EditorConfig core...
src/app/components/pipe02/pipe02.component.html: editor.action.trimTrailingWhitespace
bai2-angular/src/app/components/pipe02/pipe02.component.html: Using EditorConfig core...
src/app/components/pipe02/pipe02.component.html: editor.action.trimTrailingWhitespace
bai2-angular/src/app/components/pipe02/pipe02.component.html: Using EditorConfig core...
src/app/components/pipe02/pipe02.component.html: editor.action.trimTrailingWhitespace
bai2-angular/src/app/components/pipe02/pipe02.component.html: Using EditorConfig core...
src/app/components/pipe02/pipe02.component.html: editor.action.trimTrailingWhitespace
bai2-angular/src/app/components/pipe02/pipe02.component.html: Using EditorConfig core...
src/app/components/pipe02/pipe02.component.html: editor.action.trimTrailingWhitespace
bai2-angular/src/app/components/pipe02/pipe02.component.html: {"insertSpaces":true,"tabSize":2}
bai2-angular/src/app/pipe/sort.pipe.ts: {"insertSpaces":true,"tabSize":2}
bai2-angular/src/app/pipe/sort.pipe.ts: Using EditorConfig core...
src/app/pipe/sort.pipe.ts: editor.action.trimTrailingWhitespace
bai2-angular/src/app/pipe/sort.pipe.ts: Using EditorConfig core...
src/app/pipe/sort.pipe.ts: editor.action.trimTrailingWhitespace
bai2-angular/src/app/pipe/sort.pipe.ts: Using EditorConfig core...
src/app/pipe/sort.pipe.ts: editor.action.trimTrailingWhitespace
bai2-angular/src/app/pipe/sort.pipe.ts: Using EditorConfig core...
src/app/pipe/sort.pipe.ts: editor.action.trimTrailingWhitespace
bai2-angular/src/app/pipe/sort.pipe.ts: Using EditorConfig core...
src/app/pipe/sort.pipe.ts: editor.action.trimTrailingWhitespace
bai2-angular/src/app/pipe/sort.pipe.ts: Using EditorConfig core...
src/app/pipe/sort.pipe.ts: editor.action.trimTrailingWhitespace
bai2-angular/src/app/pipe/sort.pipe.ts: Using EditorConfig core...
src/app/pipe/sort.pipe.ts: editor.action.trimTrailingWhitespace
bai2-angular/src/app/pipe/sort.pipe.ts: Using EditorConfig core...
src/app/pipe/sort.pipe.ts: editor.action.trimTrailingWhitespace
bai2-angular/src/app/pipe/sort.pipe.ts: Using EditorConfig core...
src/app/pipe/sort.pipe.ts: editor.action.trimTrailingWhitespace
bai2-angular/src/app/pipe/sort.pipe.ts: Using EditorConfig core...
src/app/pipe/sort.pipe.ts: editor.action.trimTrailingWhitespace
bai2-angular/src/app/pipe/sort.pipe.ts: {"insertSpaces":true,"tabSize":2}
bai2-angular/src/app/components/pipe02/pipe02.component.ts: {"insertSpaces":true,"tabSize":2}
bai2-angular/src/app/components/pipe02/pipe02.component.html: {"insertSpaces":true,"tabSize":2}
bai2-angular/src/app/components/pipe02/pipe02.component.html: Using EditorConfig core...
src/app/components/pipe02/pipe02.component.html: editor.action.trimTrailingWhitespace
bai2-angular/src/app/components/pipe02/pipe02.component.html: Using EditorConfig core...
src/app/components/pipe02/pipe02.component.html: editor.action.trimTrailingWhitespace
bai2-angular/src/app/components/pipe02/pipe02.component.html: Using EditorConfig core...
src/app/components/pipe02/pipe02.component.html: editor.action.trimTrailingWhitespace
bai2-angular/src/app/components/pipe02/pipe02.component.html: Using EditorConfig core...
src/app/components/pipe02/pipe02.component.html: editor.action.trimTrailingWhitespace
bai2-angular/src/app/pipe/sort.pipe.ts: {"insertSpaces":true,"tabSize":2}
bai2-angular/src/app/pipe/sort.pipe.ts: {"insertSpaces":true,"tabSize":2}
bai2-angular/src/app/pipe/sort.pipe.ts: Using EditorConfig core...
src/app/pipe/sort.pipe.ts: editor.action.trimTrailingWhitespace
bai2-angular/src/app/pipe/sort.pipe.ts: Using EditorConfig core...
src/app/pipe/sort.pipe.ts: editor.action.trimTrailingWhitespace
bai2-angular/src/app/pipe/sort.pipe.ts: Using EditorConfig core...
src/app/pipe/sort.pipe.ts: editor.action.trimTrailingWhitespace
bai2-angular/src/app/pipe/sort.pipe.ts: Using EditorConfig core...
src/app/pipe/sort.pipe.ts: editor.action.trimTrailingWhitespace
bai2-angular/node_modules/@angular/core/src/change_detection/pipe_transform.d.ts: {"insertSpaces":true,"tabSize":2}
bai2-angular/src/app/pipe/sort.pipe.ts: {"insertSpaces":true,"tabSize":2}
bai2-angular/src/app/pipe/sort.pipe.ts: {"insertSpaces":true,"tabSize":2}
bai2-angular/src/app/pipe/sort.pipe.ts: Using EditorConfig core...
src/app/pipe/sort.pipe.ts: editor.action.trimTrailingWhitespace
bai2-angular/src/app/pipe/sort.pipe.ts: Using EditorConfig core...
src/app/pipe/sort.pipe.ts: editor.action.trimTrailingWhitespace
bai2-angular/src/app/pipe/sort.pipe.ts: Using EditorConfig core...
src/app/pipe/sort.pipe.ts: editor.action.trimTrailingWhitespace
bai2-angular/src/app/pipe/sort.pipe.ts: {"insertSpaces":true,"tabSize":2}
bai2-angular/src/app/pipe/sort.pipe.ts: {"insertSpaces":true,"tabSize":2}
bai2-angular/src/app/pipe/sort.pipe.ts: Using EditorConfig core...
src/app/pipe/sort.pipe.ts: editor.action.trimTrailingWhitespace
bai2-angular/src/app/pipe/sort.pipe.ts: Using EditorConfig core...
src/app/pipe/sort.pipe.ts: editor.action.trimTrailingWhitespace
bai2-angular/src/app/pipe/sort.pipe.ts: Using EditorConfig core...
src/app/pipe/sort.pipe.ts: editor.action.trimTrailingWhitespace
bai2-angular/src/app/pipe/sort.pipe.ts: Using EditorConfig core...
src/app/pipe/sort.pipe.ts: editor.action.trimTrailingWhitespace
bai2-angular/src/app/pipe/sort.pipe.ts: Using EditorConfig core...
src/app/pipe/sort.pipe.ts: editor.action.trimTrailingWhitespace
bai2-angular/src/app/pipe/sort.pipe.ts: {"insertSpaces":true,"tabSize":2}
bai2-angular/src/app/pipe/sort.pipe.ts: {"insertSpaces":true,"tabSize":2}
bai2-angular/src/app/pipe/sort.pipe.ts: Using EditorConfig core...
src/app/pipe/sort.pipe.ts: editor.action.trimTrailingWhitespace
bai2-angular/src/app/pipe/sort.pipe.ts: Using EditorConfig core...
src/app/pipe/sort.pipe.ts: editor.action.trimTrailingWhitespace
bai2-angular/src/app/pipe/sort.pipe.ts: Using EditorConfig core...
src/app/pipe/sort.pipe.ts: editor.action.trimTrailingWhitespace
bai2-angular/src/app/pipe/sort.pipe.ts: Using EditorConfig core...
src/app/pipe/sort.pipe.ts: editor.action.trimTrailingWhitespace
bai2-angular/src/app/pipe/sort.pipe.ts: Using EditorConfig core...
src/app/pipe/sort.pipe.ts: editor.action.trimTrailingWhitespace
bai2-angular/src/app/pipe/sort.pipe.ts: Using EditorConfig core...
src/app/pipe/sort.pipe.ts: editor.action.trimTrailingWhitespace
